gyp info it worked if it ends with ok
gyp info using node-gyp@8.4.1
gyp info using node@16.14.0 | darwin | x64
gyp info find Python using Python version 3.9.7 found at "/Users/ahmed/opt/anaconda3/bin/python3"
gyp info spawn /Users/ahmed/opt/anaconda3/bin/python3
gyp info spawn args [
gyp info spawn args   '/usr/local/lib/node_modules/npm/node_modules/node-gyp/gyp/gyp_main.py',
gyp info spawn args   'binding.gyp',
gyp info spawn args   '-f',
gyp info spawn args   'make',
gyp info spawn args   '-I',
gyp info spawn args   '/Users/ahmed/WebstormProjects/contracts_nodejs/node_modules/ursa-optional/build/config.gypi',
gyp info spawn args   '-I',
gyp info spawn args   '/usr/local/lib/node_modules/npm/node_modules/node-gyp/addon.gypi',
gyp info spawn args   '-I',
gyp info spawn args   '/Users/ahmed/Library/Caches/node-gyp/16.14.0/include/node/common.gypi',
gyp info spawn args   '-Dlibrary=shared_library',
gyp info spawn args   '-Dvisibility=default',
gyp info spawn args   '-Dnode_root_dir=/Users/ahmed/Library/Caches/node-gyp/16.14.0',
gyp info spawn args   '-Dnode_gyp_dir=/usr/local/lib/node_modules/npm/node_modules/node-gyp',
gyp info spawn args   '-Dnode_lib_file=/Users/ahmed/Library/Caches/node-gyp/16.14.0/<(target_arch)/node.lib',
gyp info spawn args   '-Dmodule_root_dir=/Users/ahmed/WebstormProjects/contracts_nodejs/node_modules/ursa-optional',
gyp info spawn args   '-Dnode_engine=v8',
gyp info spawn args   '--depth=.',
gyp info spawn args   '--no-parallel',
gyp info spawn args   '--generator-output',
gyp info spawn args   'build',
gyp info spawn args   '-Goutput_dir=.'
gyp info spawn args ]
gyp info spawn make
gyp info spawn args [ 'BUILDTYPE=Release', '-C', 'build' ]
../src/ursaNative.cc:543:32: error: too few arguments to function call, single argument 'isolate' was not specified
  int length = str->Utf8Length();
               ~~~~~~~~~~~~~~~ ^
/Users/ahmed/Library/Caches/node-gyp/16.14.0/include/node/v8.h:3217:7: note: 'Utf8Length' declared here
  int Utf8Length(Isolate* isolate) const;
      ^
../src/ursaNative.cc:553:18: error: cannot initialize a parameter of type 'v8::Isolate *' with an lvalue of type 'char *'
  str->WriteUtf8(result, length + 1);
                 ^~~~~~
/Users/ahmed/Library/Caches/node-gyp/16.14.0/include/node/v8.h:3277:26: note: passing argument to parameter 'isolate' here
  int WriteUtf8(Isolate* isolate, char* buffer, int length = -1,
                         ^
../src/ursaNative.cc:690:68: error: too few arguments to function call, single argument 'context' was not specified
  target->Set(NanNew("RsaWrap").ToLocalChecked(), tpl->GetFunction());
                                                  ~~~~~~~~~~~~~~~~ ^
/Users/ahmed/Library/Caches/node-gyp/16.14.0/include/node/v8.h:6802:46: note: 'GetFunction' declared here
  V8_WARN_UNUSED_RESULT MaybeLocal<Function> GetFunction(
                                             ^
../src/ursaNative.cc:690:11: error: no matching member function for call to 'Set'
  target->Set(NanNew("RsaWrap").ToLocalChecked(), tpl->GetFunction());
  ~~~~~~~~^~~
/Users/ahmed/Library/Caches/node-gyp/16.14.0/include/node/v8.h:3961:37: note: candidate function not viable: requires 3 arguments, but 2 were provided
  V8_WARN_UNUSED_RESULT Maybe<bool> Set(Local<Context> context,
                                    ^
/Users/ahmed/Library/Caches/node-gyp/16.14.0/include/node/v8.h:3964:37: note: candidate function not viable: requires 3 arguments, but 2 were provided
  V8_WARN_UNUSED_RESULT Maybe<bool> Set(Local<Context> context, uint32_t index,
                                    ^
../src/ursaNative.cc:691:38: error: too few arguments to function call, single argument 'context' was not specified
  constructor.Reset(tpl->GetFunction());
                    ~~~~~~~~~~~~~~~~ ^
/Users/ahmed/Library/Caches/node-gyp/16.14.0/include/node/v8.h:6802:46: note: 'GetFunction' declared here
  V8_WARN_UNUSED_RESULT MaybeLocal<Function> GetFunction(
                                             ^
../src/ursaNative.cc:691:15: error: no matching member function for call to 'Reset'
  constructor.Reset(tpl->GetFunction());
  ~~~~~~~~~~~~^~~~~
../../nan/nan_persistent_12_inl.h:28:15: note: candidate template ignored: could not match 'Local' against 'MaybeLocal'
  inline void Reset(const v8::Local<S> &other) {
              ^
../../nan/nan_persistent_12_inl.h:33:15: note: candidate template ignored: could not match 'PersistentBase' against 'MaybeLocal'
  inline void Reset(const v8::PersistentBase<S> &other) {
              ^
../../nan/nan_persistent_12_inl.h:25:15: note: candidate function not viable: requires 0 arguments, but 1 was provided
  inline void Reset() { v8::PersistentBase<T>::Reset(); }
              ^
../src/ursaNative.cc:693:104: error: too few arguments to function call, single argument 'context' was not specified
  target->Set(NanNew("textToNid").ToLocalChecked(), Nan::New<FunctionTemplate>(TextToNid)->GetFunction());
                                                    ~~~~~~~~~~~~~~~~~~~~~~~~~~~~~~~~~~~~~~~~~~~~~~~~~~ ^
/Users/ahmed/Library/Caches/node-gyp/16.14.0/include/node/v8.h:6802:46: note: 'GetFunction' declared here
  V8_WARN_UNUSED_RESULT MaybeLocal<Function> GetFunction(
                                             ^
../src/ursaNative.cc:693:11: error: no matching member function for call to 'Set'
  target->Set(NanNew("textToNid").ToLocalChecked(), Nan::New<FunctionTemplate>(TextToNid)->GetFunction());
  ~~~~~~~~^~~
/Users/ahmed/Library/Caches/node-gyp/16.14.0/include/node/v8.h:3961:37: note: candidate function not viable: requires 3 arguments, but 2 were provided
  V8_WARN_UNUSED_RESULT Maybe<bool> Set(Local<Context> context,
                                    ^
/Users/ahmed/Library/Caches/node-gyp/16.14.0/include/node/v8.h:3964:37: note: candidate function not viable: requires 3 arguments, but 2 were provided
  V8_WARN_UNUSED_RESULT Maybe<bool> Set(Local<Context> context, uint32_t index,
                                    ^
../src/ursaNative.cc:866:42: error: too few arguments to function call, single argument 'context' was not specified
  int modulusBits = args[0]->Uint32Value();
                    ~~~~~~~~~~~~~~~~~~~~ ^
/Users/ahmed/Library/Caches/node-gyp/16.14.0/include/node/v8.h:3104:41: note: 'Uint32Value' declared here
  V8_WARN_UNUSED_RESULT Maybe<uint32_t> Uint32Value(
                                        ^
../src/ursaNative.cc:866:7: error: no viable conversion from 'Maybe<uint32_t>' (aka 'Maybe<unsigned int>') to 'int'
  int modulusBits = args[0]->Uint32Value();
      ^             ~~~~~~~~~~~~~~~~~~~~~~
../src/ursaNative.cc:867:39: error: too few arguments to function call, single argument 'context' was not specified
  int exponent = args[1]->Uint32Value();
                 ~~~~~~~~~~~~~~~~~~~~ ^
/Users/ahmed/Library/Caches/node-gyp/16.14.0/include/node/v8.h:3104:41: note: 'Uint32Value' declared here
  V8_WARN_UNUSED_RESULT Maybe<uint32_t> Uint32Value(
                                        ^
../src/ursaNative.cc:867:7: error: no viable conversion from 'Maybe<uint32_t>' (aka 'Maybe<unsigned int>') to 'int'
  int exponent = args[1]->Uint32Value();
      ^          ~~~~~~~~~~~~~~~~~~~~~~
../src/ursaNative.cc:1103:38: error: too few arguments to function call, single argument 'context' was not specified
  int padding = args[1]->Uint32Value();
                ~~~~~~~~~~~~~~~~~~~~ ^
/Users/ahmed/Library/Caches/node-gyp/16.14.0/include/node/v8.h:3104:41: note: 'Uint32Value' declared here
  V8_WARN_UNUSED_RESULT Maybe<uint32_t> Uint32Value(
                                        ^
../src/ursaNative.cc:1103:7: error: no viable conversion from 'Maybe<uint32_t>' (aka 'Maybe<unsigned int>') to 'int'
  int padding = args[1]->Uint32Value();
      ^         ~~~~~~~~~~~~~~~~~~~~~~
../src/ursaNative.cc:1161:38: error: too few arguments to function call, single argument 'context' was not specified
  int padding = args[1]->Uint32Value();
                ~~~~~~~~~~~~~~~~~~~~ ^
/Users/ahmed/Library/Caches/node-gyp/16.14.0/include/node/v8.h:3104:41: note: 'Uint32Value' declared here
  V8_WARN_UNUSED_RESULT Maybe<uint32_t> Uint32Value(
                                        ^
../src/ursaNative.cc:1161:7: error: no viable conversion from 'Maybe<uint32_t>' (aka 'Maybe<unsigned int>') to 'int'
  int padding = args[1]->Uint32Value();
      ^         ~~~~~~~~~~~~~~~~~~~~~~
../src/ursaNative.cc:1218:38: error: too few arguments to function call, single argument 'context' was not specified
  int padding = args[1]->Uint32Value();
                ~~~~~~~~~~~~~~~~~~~~ ^
/Users/ahmed/Library/Caches/node-gyp/16.14.0/include/node/v8.h:3104:41: note: 'Uint32Value' declared here
  V8_WARN_UNUSED_RESULT Maybe<uint32_t> Uint32Value(
                                        ^
../src/ursaNative.cc:1218:7: error: no viable conversion from 'Maybe<uint32_t>' (aka 'Maybe<unsigned int>') to 'int'
  int padding = args[1]->Uint32Value();
      ^         ~~~~~~~~~~~~~~~~~~~~~~
../src/ursaNative.cc:1272:38: error: too few arguments to function call, single argument 'context' was not specified
  int padding = args[1]->Uint32Value();
                ~~~~~~~~~~~~~~~~~~~~ ^
/Users/ahmed/Library/Caches/node-gyp/16.14.0/include/node/v8.h:3104:41: note: 'Uint32Value' declared here
  V8_WARN_UNUSED_RESULT Maybe<uint32_t> Uint32Value(
                                        ^
fatal error: too many errors emitted, stopping now [-ferror-limit=]
20 errors generated.
make: *** [Release/obj.target/ursaNative/src/ursaNative.o] Error 1
gyp ERR! build error 
gyp ERR! stack Error: `make` failed with exit code: 2
gyp ERR! stack     at ChildProcess.onExit (/usr/local/lib/node_modules/npm/node_modules/node-gyp/lib/build.js:194:23)
gyp ERR! stack     at ChildProcess.emit (node:events:520:28)
gyp ERR! stack     at Process.ChildProcess._handle.onexit (node:internal/child_process:291:12)
gyp ERR! System Darwin 20.6.0
gyp ERR! command "/usr/local/bin/node" "/usr/local/lib/node_modules/npm/node_modules/node-gyp/bin/node-gyp.js" "rebuild"
gyp ERR! cwd /Users/ahmed/WebstormProjects/contracts_nodejs/node_modules/ursa-optional
gyp ERR! node -v v16.14.0
gyp ERR! node-gyp -v v8.4.1
gyp ERR! not ok 
